24-03-04 22:47:31.700 : model_name:drunet_gray, image sigma:0.030, model sigma:0.030
24-03-04 22:47:31.701 : Model path: model_zoo/drunet_gray.pth
24-03-04 22:47:31.701 : testsets/Set3C
24-03-04 22:47:31.701 : -------k: 0 ---------
24-03-04 22:47:42.102 : ---1--> butterfly.png --k: 0 PSNR: 28.15dB
24-03-04 22:47:49.989 : ---2--> leaves.png --k: 0 PSNR: 29.22dB
24-03-04 22:47:57.777 : ---3--> starfish.png --k: 0 PSNR: 28.19dB
24-03-04 22:47:57.777 : ------> Average PSNR of (Set3C), kernel: (0) sigma: (0.03): 28.52 dB
24-03-04 22:47:57.777 : -------k: 1 ---------
24-03-04 22:48:05.622 : ---1--> butterfly.png --k: 1 PSNR: 27.92dB
24-03-04 22:48:13.298 : ---2--> leaves.png --k: 1 PSNR: 28.70dB
24-03-04 22:48:21.268 : ---3--> starfish.png --k: 1 PSNR: 27.95dB
24-03-04 22:48:21.268 : ------> Average PSNR of (Set3C), kernel: (1) sigma: (0.03): 28.19 dB
24-03-04 22:48:21.268 : -------k: 2 ---------
24-03-04 22:48:29.300 : ---1--> butterfly.png --k: 2 PSNR: 28.18dB
24-03-04 22:48:37.336 : ---2--> leaves.png --k: 2 PSNR: 29.03dB
24-03-04 22:48:45.253 : ---3--> starfish.png --k: 2 PSNR: 28.51dB
24-03-04 22:48:45.253 : ------> Average PSNR of (Set3C), kernel: (2) sigma: (0.03): 28.57 dB
24-03-04 22:48:45.253 : -------k: 3 ---------
24-03-04 22:48:53.481 : ---1--> butterfly.png --k: 3 PSNR: 27.54dB
24-03-04 22:49:01.806 : ---2--> leaves.png --k: 3 PSNR: 28.56dB
24-03-04 22:49:09.738 : ---3--> starfish.png --k: 3 PSNR: 27.47dB
24-03-04 22:49:09.738 : ------> Average PSNR of (Set3C), kernel: (3) sigma: (0.03): 27.86 dB
24-03-04 22:49:09.738 : -------k: 4 ---------
24-03-04 22:49:17.490 : ---1--> butterfly.png --k: 4 PSNR: 29.46dB
24-03-04 22:49:25.333 : ---2--> leaves.png --k: 4 PSNR: 30.69dB
24-03-04 22:49:33.162 : ---3--> starfish.png --k: 4 PSNR: 29.64dB
24-03-04 22:49:33.162 : ------> Average PSNR of (Set3C), kernel: (4) sigma: (0.03): 29.93 dB
24-03-04 22:49:33.162 : -------k: 5 ---------
24-03-04 22:49:40.965 : ---1--> butterfly.png --k: 5 PSNR: 29.25dB
24-03-04 22:49:48.706 : ---2--> leaves.png --k: 5 PSNR: 30.32dB
24-03-04 22:49:56.412 : ---3--> starfish.png --k: 5 PSNR: 29.34dB
24-03-04 22:49:56.412 : ------> Average PSNR of (Set3C), kernel: (5) sigma: (0.03): 29.64 dB
24-03-04 22:49:56.412 : -------k: 6 ---------
24-03-04 22:50:04.571 : ---1--> butterfly.png --k: 6 PSNR: 28.46dB
24-03-04 22:50:12.651 : ---2--> leaves.png --k: 6 PSNR: 29.79dB
24-03-04 22:50:21.138 : ---3--> starfish.png --k: 6 PSNR: 28.61dB
24-03-04 22:50:21.138 : ------> Average PSNR of (Set3C), kernel: (6) sigma: (0.03): 28.95 dB
24-03-04 22:50:21.138 : -------k: 7 ---------
24-03-04 22:50:29.674 : ---1--> butterfly.png --k: 7 PSNR: 28.02dB
